0 info it worked if it ends with ok
1 verbose cli [ '/home/codio/.nvm/v0.10.33/bin/node',
1 verbose cli   '/home/codio/.nvm/v0.10.33/bin/npm',
1 verbose cli   'adduser' ]
2 info using npm@1.4.28
3 info using node@v0.10.33
4 error Error: canceled
4 error     at Interface.<anonymous> (/home/codio/.nvm/v0.10.33/lib/node_modules/npm/node_modules/read/lib/read.js:66:13)
4 error     at Interface.emit (events.js:92:17)
4 error     at Interface._ttyWrite (readline.js:620:16)
4 error     at ReadStream.onkeypress (readline.js:99:10)
4 error     at ReadStream.emit (events.js:98:17)
4 error     at emitKey (readline.js:1095:12)
4 error     at ReadStream.onData (readline.js:840:14)
4 error     at ReadStream.emit (events.js:95:17)
4 error     at ReadStream.<anonymous> (_stream_readable.js:764:14)
4 error     at ReadStream.emit (events.js:92:17)
5 error If you need help, you may report this *entire* log,
5 error including the npm and node versions, at:
5 error     <http://github.com/npm/npm/issues>
6 error System Linux 3.16.0-23-generic
7 error command "/home/codio/.nvm/v0.10.33/bin/node" "/home/codio/.nvm/v0.10.33/bin/npm" "adduser"
8 error cwd /home/codio/workspace/Yatta
9 error node -v v0.10.33
10 error npm -v 1.4.28
11 verbose exit [ 1, true ]
